<?xml version="1.0" encoding="UTF-8"?>
<!-- Generated by org.testng.reporters.JUnitReportReporter -->
<testsuite hostname="LAPTOP-VCOCADB4" failures="0" tests="1" name="WebDriverSeleniumHQ" time="13.658" errors="0" timestamp="2023-01-11T17:58:15 MSK" skipped="0">
  <testcase classname="WebDriverSeleniumHQ" name="commonVerifingPages" time="13.658"/>
</testsuite> <!-- WebDriverSeleniumHQ -->
