<?xml version="1.0" encoding="UTF-8"?>
<!-- Generated by org.testng.reporters.JUnitReportReporter -->
<testsuite hostname="wse-108-74" failures="0" tests="1" name="pageobject_model.test.HelloWebDriver" time="3.783" errors="0" timestamp="2023-01-17T19:30:06 MSK" skipped="0">
  <testcase classname="pageobject_model.test.HelloWebDriver" name="HomePageTest" time="3.783"/>
</testsuite> <!-- pageobject_model.test.HelloWebDriver -->
